\BOOKMARK [1][-]{section.1}{Introduction}{}% 1
\BOOKMARK [1][-]{section.2}{Goals}{}% 2
\BOOKMARK [2][-]{subsection.2.1}{Motivation}{section.2}% 3
\BOOKMARK [1][-]{section.3}{Background}{}% 4
\BOOKMARK [2][-]{subsection.3.1}{Ranking}{section.3}% 5
\BOOKMARK [3][-]{subsubsection.3.1.1}{Page Rank}{subsection.3.1}% 6
\BOOKMARK [3][-]{subsubsection.3.1.2}{User Interface}{subsection.3.1}% 7
\BOOKMARK [2][-]{subsection.3.2}{Twitter}{section.3}% 8
\BOOKMARK [2][-]{subsection.3.3}{Related Work}{section.3}% 9
\BOOKMARK [1][-]{section.4}{The application}{}% 10
\BOOKMARK [2][-]{subsection.4.1}{Structure}{section.4}% 11
\BOOKMARK [3][-]{subsubsection.4.1.1}{MVC}{subsection.4.1}% 12
\BOOKMARK [3][-]{subsubsection.4.1.2}{The Model}{subsection.4.1}% 13
\BOOKMARK [3][-]{subsubsection.4.1.3}{The View}{subsection.4.1}% 14
\BOOKMARK [3][-]{subsubsection.4.1.4}{The controller}{subsection.4.1}% 15
\BOOKMARK [3][-]{subsubsection.4.1.5}{Interaction between view and controller}{subsection.4.1}% 16
\BOOKMARK [3][-]{subsubsection.4.1.6}{Interaction between controller and model}{subsection.4.1}% 17
\BOOKMARK [2][-]{subsection.4.2}{Layout}{section.4}% 18
\BOOKMARK [3][-]{subsubsection.4.2.1}{Defining the concept}{subsection.4.2}% 19
\BOOKMARK [3][-]{subsubsection.4.2.2}{Early efforts}{subsection.4.2}% 20
\BOOKMARK [3][-]{subsubsection.4.2.3}{The final layout}{subsection.4.2}% 21
\BOOKMARK [3][-]{subsubsection.4.2.4}{Coding of the layout}{subsection.4.2}% 22
\BOOKMARK [2][-]{subsection.4.3}{Ranking}{section.4}% 23
\BOOKMARK [3][-]{subsubsection.4.3.1}{TweetRank}{subsection.4.3}% 24
\BOOKMARK [3][-]{subsubsection.4.3.2}{UserRank}{subsection.4.3}% 25
\BOOKMARK [2][-]{subsection.4.4}{Database}{section.4}% 26
\BOOKMARK [2][-]{subsection.4.5}{Database}{section.4}% 27
\BOOKMARK [1][-]{section.5}{Development}{}% 28
\BOOKMARK [2][-]{subsection.5.1}{Methodology}{section.5}% 29
\BOOKMARK [2][-]{subsection.5.2}{Tools}{section.5}% 30
\BOOKMARK [3][-]{subsubsection.5.2.1}{Workflow}{subsection.5.2}% 31
\BOOKMARK [3][-]{subsubsection.5.2.2}{Implementation}{subsection.5.2}% 32
\BOOKMARK [3][-]{subsubsection.5.2.3}{Deployment}{subsection.5.2}% 33
\BOOKMARK [2][-]{subsection.5.3}{Technology}{section.5}% 34
\BOOKMARK [3][-]{subsubsection.5.3.1}{Javascript/jQuery}{subsection.5.3}% 35
\BOOKMARK [3][-]{subsubsection.5.3.2}{Media Queries}{subsection.5.3}% 36
\BOOKMARK [3][-]{subsubsection.5.3.3}{AJAX}{subsection.5.3}% 37
\BOOKMARK [3][-]{subsubsection.5.3.4}{Media Queries}{subsection.5.3}% 38
\BOOKMARK [3][-]{subsubsection.5.3.5}{JSON}{subsection.5.3}% 39
\BOOKMARK [3][-]{subsubsection.5.3.6}{AJAX}{subsection.5.3}% 40
\BOOKMARK [3][-]{subsubsection.5.3.7}{jQuery Masonry}{subsection.5.3}% 41
\BOOKMARK [3][-]{subsubsection.5.3.8}{jQuery Revolver}{subsection.5.3}% 42
\BOOKMARK [3][-]{subsubsection.5.3.9}{Spring}{subsection.5.3}% 43
\BOOKMARK [1][-]{section.6}{Problems}{}% 44
\BOOKMARK [2][-]{subsection.6.1}{Twitter API requests}{section.6}% 45
\BOOKMARK [2][-]{subsection.6.2}{Server Problems}{section.6}% 46
\BOOKMARK [2][-]{subsection.6.3}{SQL/JSON injection}{section.6}% 47
\BOOKMARK [1][-]{section.7}{Level of reached goals}{}% 48
\BOOKMARK [1][-]{section.8}{Evaluation}{}% 49
\BOOKMARK [2][-]{subsection.8.1}{Evaluating the layout}{section.8}% 50
\BOOKMARK [2][-]{subsection.8.2}{Effectiveness of the ranking algorithms}{section.8}% 51
\BOOKMARK [1][-]{section.9}{Furture Research}{}% 52
\BOOKMARK [2][-]{subsection.9.1}{Semantic analysis of tweets}{section.9}% 53
\BOOKMARK [2][-]{subsection.9.2}{Mobile Application}{section.9}% 54
\BOOKMARK [2][-]{subsection.9.3}{Clustering of search results and/or the cached collection}{section.9}% 55
\BOOKMARK [2][-]{subsection.9.4}{Permalinks for accessibility}{section.9}% 56
\BOOKMARK [1][-]{section.10}{Conclusion}{}% 57
\BOOKMARK [1][-]{section.11}{Appendix}{}% 58
\BOOKMARK [2][-]{subsection.11.1}{Connecting to the application and getting the source code}{section.11}% 59
